<?xml version="1.0" encoding="UTF-8"?>
<robot generator="Robot 3.1.1 (Python 3.7.2 on win32)" generated="20190319 16:00:26.468" rpa="false">
<suite id="s1" name="First" source="D:\users\xkk\pub_GH\Robot_Framework\myfiles\first-script\Tests\first.robot">
<test id="s1-t1" name="User must sign in to check out">
<kw name="Open Browser" library="SeleniumLibrary">
<doc>Opens a new browser instance to the given ``url``.</doc>
<arguments>
<arg>${URL}</arg>
<arg>${BROWSER}</arg>
</arguments>
<msg timestamp="20190319 16:00:26.776" level="INFO">Opening browser 'gc' to base url 'http://www.amazon.com'.</msg>
<status status="PASS" starttime="20190319 16:00:26.776" endtime="20190319 16:00:32.129"></status>
</kw>
<kw name="Close Browser" library="SeleniumLibrary">
<doc>Closes the current browser.</doc>
<status status="PASS" starttime="20190319 16:00:32.130" endtime="20190319 16:00:34.407"></status>
</kw>
<doc>This is some basic info about the test</doc>
<tags>
<tag>Smoke</tag>
</tags>
<status status="PASS" starttime="20190319 16:00:26.775" endtime="20190319 16:00:34.407" critical="yes"></status>
</test>
<doc>This is some basic info about the whole suite</doc>
<status status="PASS" starttime="20190319 16:00:26.476" endtime="20190319 16:00:34.410"></status>
</suite>
<statistics>
<total>
<stat pass="1" fail="0">Critical Tests</stat>
<stat pass="1" fail="0">All Tests</stat>
</total>
<tag>
<stat pass="1" fail="0">Smoke</stat>
</tag>
<suite>
<stat pass="1" fail="0" id="s1" name="First">First</stat>
</suite>
</statistics>
<errors>
</errors>
</robot>
